<?xml version="1.0" encoding="UTF-8"?>
<testsuite xmlns:xsi="http://www.w3.org/2001/XMLSchema-instance" xsi:noNamespaceSchemaLocation="https://maven.apache.org/surefire/maven-surefire-plugin/xsd/surefire-test-report-3.0.xsd" version="3.0" name="tests.TestRenCredit" time="4.969" tests="1" errors="1" skipped="0" failures="0">
  <properties>
[...]
</properties>
  <testcase name="initializationError" classname="tests.TestRenCredit" time="0.001">
    <error message="Invalid test class &apos;tests.TestRenCredit&apos;:&#10;  1. Method beforeAll() should be static&#10;  2. Method afterall() should be static" type="org.junit.runners.model.InvalidTestClassError"><![CDATA[org.junit.runners.model.InvalidTestClassError: 
Invalid test class 'tests.TestRenCredit':
  1. Method beforeAll() should be static
  2. Method afterall() should be static
]]></error>
    <system-err><![CDATA[SLF4J: Failed to load class "org.slf4j.impl.StaticLoggerBinder".
SLF4J: Defaulting to no-operation (NOP) logger implementation
SLF4J: See http://www.slf4j.org/codes.html#StaticLoggerBinder for further details.
]]></system-err>
  </testcase>
</testsuite>